<?xml version="1.0" encoding="UTF-8"?>
<!-- Generated by org.testng.reporters.JUnitReportReporter -->
<testsuite hostname="DESKTOP-UBQJ9QQ" name="com.naukriLoginTest1.NaukriLogin" tests="1" failures="0" timestamp="22 Mar 2021 06:37:50 GMT" time="12.635" errors="0">
  <testcase name="testNaukriLogin" time="12.635" classname="com.naukriLoginTest1.NaukriLogin"/>
</testsuite> <!-- com.naukriLoginTest1.NaukriLogin -->
