<?xml version="1.0" encoding="UTF-8"?>
<!-- Generated by org.testng.reporters.JUnitReportReporter -->
<testsuite skipped="0" hostname="DESKTOP-UBQJ9QQ" name="com.actitime.test.Demo" tests="1" failures="0" timestamp="28 May 2020 06:24:52 GMT" time="5.031" errors="0">
  <testcase name="testDemo" time="5.031" classname="com.actitime.test.Demo"/>
</testsuite> <!-- com.actitime.test.Demo -->
